Performing C SOURCE FILE Test CMAKE_HAVE_LIBC_PTHREAD failed with the following output:
Change Dir: /home/dzx/下载/test1/build/CMakeFiles/CMakeTmp

Run Build Command(s):/usr/bin/ninja cmTC_a8897 && [1/2  50% :: 0.039] Building C object CMakeFiles/cmTC_a8897.dir/src.c.o
[2/2 100% :: 0.065] Linking C executable cmTC_a8897
FAILED: cmTC_a8897 
: && /usr/bin/cc -DCMAKE_HAVE_LIBC_PTHREAD   CMakeFiles/cmTC_a8897.dir/src.c.o  -o cmTC_a8897   && :
/usr/bin/ld: CMakeFiles/cmTC_a8897.dir/src.c.o: in function `main':
src.c:(.text+0x46): undefined reference to `pthread_create'
/usr/bin/ld: src.c:(.text+0x52): undefined reference to `pthread_detach'
/usr/bin/ld: src.c:(.text+0x63): undefined reference to `pthread_join'
collect2: error: ld returned 1 exit status
ninja: build stopped: subcommand failed.


Source file was:
#include <pthread.h>

void* test_func(void* data)
{
  return data;
}

int main(void)
{
  pthread_t thread;
  pthread_create(&thread, NULL, test_func, NULL);
  pthread_detach(thread);
  pthread_join(thread, NULL);
  pthread_atfork(NULL, NULL, NULL);
  pthread_exit(NULL);

  return 0;
}

Determining if the function pthread_create exists in the pthreads failed with the following output:
Change Dir: /home/dzx/下载/test1/build/CMakeFiles/CMakeTmp

Run Build Command(s):/usr/bin/ninja cmTC_18b10 && [1/2  50% :: 0.032] Building C object CMakeFiles/cmTC_18b10.dir/CheckFunctionExists.c.o
[2/2 100% :: 0.048] Linking C executable cmTC_18b10
FAILED: cmTC_18b10 
: && /usr/bin/cc -DCHECK_FUNCTION_EXISTS=pthread_create   CMakeFiles/cmTC_18b10.dir/CheckFunctionExists.c.o  -o cmTC_18b10  -lpthreads && :
/usr/bin/ld: 找不到 -lpthreads
collect2: error: ld returned 1 exit status
ninja: build stopped: subcommand failed.



